<?xml version="1.0" encoding="UTF-8"?>
<testng-results skipped="0" failed="0" ignored="0" total="1" passed="1">
  <reporter-output>
    <line>
      <![CDATA[openBrowser]]>
    </line>
    <line>
      <![CDATA[login]]>
    </line>
    <line>
      <![CDATA[CreateCustomer]]>
    </line>
    <line>
      <![CDATA[logOut]]>
    </line>
    <line>
      <![CDATA[closeBrowser]]>
    </line>
  </reporter-output>
  <suite name="Default suite" duration-ms="34279" started-at="2023-03-15T13:49:58 IST" finished-at="2023-03-15T13:50:32 IST">
    <groups>
    </groups>
    <test name="Default test" duration-ms="34279" started-at="2023-03-15T13:49:58 IST" finished-at="2023-03-15T13:50:32 IST">
      <class name="com.actitime.testscript.CustomerModule">
        <test-method status="PASS" signature="openBrowser()[pri:0, instance:com.actitime.testscript.CustomerModule@262b2c86]" name="openBrowser" is-config="true" duration-ms="3453" started-at="2023-03-15T13:49:58 IST" finished-at="2023-03-15T13:50:02 IST">
          <reporter-output>
            <line>
              <![CDATA[openBrowser]]>
            </line>
          </reporter-output>
        </test-method> <!-- openBrowser -->
        <test-method status="PASS" signature="login()[pri:0, instance:com.actitime.testscript.CustomerModule@262b2c86]" name="login" is-config="true" duration-ms="15611" started-at="2023-03-15T13:50:02 IST" finished-at="2023-03-15T13:50:17 IST">
          <reporter-output>
            <line>
              <![CDATA[login]]>
            </line>
          </reporter-output>
        </test-method> <!-- login -->
        <test-method status="PASS" signature="testCreateCustomer()[pri:0, instance:com.actitime.testscript.CustomerModule@262b2c86]" name="testCreateCustomer" duration-ms="13175" started-at="2023-03-15T13:50:17 IST" finished-at="2023-03-15T13:50:30 IST">
          <reporter-output>
            <line>
              <![CDATA[CreateCustomer]]>
            </line>
          </reporter-output>
        </test-method> <!-- testCreateCustomer -->
        <test-method status="PASS" signature="logOut()[pri:0, instance:com.actitime.testscript.CustomerModule@262b2c86]" name="logOut" is-config="true" duration-ms="1737" started-at="2023-03-15T13:50:30 IST" finished-at="2023-03-15T13:50:32 IST">
          <reporter-output>
            <line>
              <![CDATA[logOut]]>
            </line>
          </reporter-output>
        </test-method> <!-- logOut -->
        <test-method status="PASS" signature="closeBrowser()[pri:0, instance:com.actitime.testscript.CustomerModule@262b2c86]" name="closeBrowser" is-config="true" duration-ms="261" started-at="2023-03-15T13:50:32 IST" finished-at="2023-03-15T13:50:32 IST">
          <reporter-output>
            <line>
              <![CDATA[closeBrowser]]>
            </line>
          </reporter-output>
        </test-method> <!-- closeBrowser -->
      </class> <!-- com.actitime.testscript.CustomerModule -->
    </test> <!-- Default test -->
  </suite> <!-- Default suite -->
</testng-results>
